app/build/intermediates/manifest_merge_blame_file/release/manifest-merger-blame-release-report.txt
1<?xml version="1.0" encoding="utf-8"?>
2<manifest xmlns:android="http://schemas.android.com/apk/res/android"
3    package="com.hh.coronalastupdate"
4    android:versionCode="101"
5    android:versionName="1.0.1" >
6
7    <uses-sdk
8        android:minSdkVersion="21"
8-->src/main/AndroidManifest.xml
9        android:targetSdkVersion="30" />
9-->src/main/AndroidManifest.xml
10
11    <uses-permission android:name="android.permission.INTERNET" />
11-->src/main/AndroidManifest.xml:4:5-67
11-->src/main/AndroidManifest.xml:4:22-64
12    <uses-permission android:name="android.permission.ACCESS_NETWORK_STATE" />
12-->src/main/AndroidManifest.xml:5:5-78
12-->src/main/AndroidManifest.xml:5:22-76
13
14    <application
14-->src/main/AndroidManifest.xml:6:5-26:19
15        android:allowBackup="true"
15-->src/main/AndroidManifest.xml:7:9-35
16        android:appComponentFactory="androidx.core.app.CoreComponentFactory"
16-->[androidx.core:core:1.3.2] AndroidManifest.xml:24:18-86
17        android:icon="@mipmap/icon"
17-->src/main/AndroidManifest.xml:8:9-36
18        android:label="@string/app_name"
18-->src/main/AndroidManifest.xml:9:9-41
19        android:roundIcon="@mipmap/ic_launcher_round"
19-->src/main/AndroidManifest.xml:10:9-54
20        android:supportsRtl="true"
20-->src/main/AndroidManifest.xml:11:9-35
21        android:theme="@style/Theme.CoronaLastUpdate"
21-->src/main/AndroidManifest.xml:12:9-54
22        android:usesCleartextTraffic="true" >
22-->src/main/AndroidManifest.xml:13:9-44
23        <activity
23-->src/main/AndroidManifest.xml:14:9-21:20
24            android:name="com.hh.coronalastupdate.FirstPageActivity"
24-->src/main/AndroidManifest.xml:14:19-52
25            android:theme="@style/Theme.AppCompat.Light.NoActionBar" >
25-->src/main/AndroidManifest.xml:15:13-69
26            <intent-filter>
26-->src/main/AndroidManifest.xml:16:13-20:29
27                <action android:name="android.intent.action.MAIN" />
27-->src/main/AndroidManifest.xml:17:17-69
27-->src/main/AndroidManifest.xml:17:25-66
28
29                <category android:name="android.intent.category.LAUNCHER" />
29-->src/main/AndroidManifest.xml:19:17-77
29-->src/main/AndroidManifest.xml:19:27-74
30            </intent-filter>
31        </activity>
32        <activity
32-->src/main/AndroidManifest.xml:23:9-25:71
33            android:name="com.hh.coronalastupdate.MainActivity"
33-->src/main/AndroidManifest.xml:24:13-41
34            android:theme="@style/Theme.AppCompat.Light.NoActionBar" />
34-->src/main/AndroidManifest.xml:25:13-69
35
36        <service
36-->[androidx.room:room-runtime:2.2.6] AndroidManifest.xml:25:9-28:40
37            android:name="androidx.room.MultiInstanceInvalidationService"
37-->[androidx.room:room-runtime:2.2.6] AndroidManifest.xml:26:13-74
38            android:directBootAware="true"
38-->[androidx.room:room-runtime:2.2.6] AndroidManifest.xml:27:13-43
39            android:exported="false" />
39-->[androidx.room:room-runtime:2.2.6] AndroidManifest.xml:28:13-37
40
41        <provider
41-->[com.squareup.picasso:picasso:2.71828] AndroidManifest.xml:8:9-11:40
42            android:name="com.squareup.picasso.PicassoProvider"
42-->[com.squareup.picasso:picasso:2.71828] AndroidManifest.xml:9:13-64
43            android:authorities="com.hh.coronalastupdate.com.squareup.picasso"
43-->[com.squareup.picasso:picasso:2.71828] AndroidManifest.xml:10:13-72
44            android:exported="false" />
44-->[com.squareup.picasso:picasso:2.71828] AndroidManifest.xml:11:13-37
45    </application>
46
47</manifest>